[debug] [2025-02-06T23:51:44.576Z] ----------------------------------------------------------------------
[debug] [2025-02-06T23:51:44.577Z] Command:       /usr/bin/node /usr/local/bin/firebase projects:create tiktoken-videos --display-name TikToken Videos
[debug] [2025-02-06T23:51:44.578Z] CLI Version:   13.30.0
[debug] [2025-02-06T23:51:44.578Z] Platform:      linux
[debug] [2025-02-06T23:51:44.578Z] Node Version:  v18.19.1
[debug] [2025-02-06T23:51:44.578Z] Time:          Thu Feb 06 2025 17:51:44 GMT-0600 (Central Standard Time)
[debug] [2025-02-06T23:51:44.578Z] ----------------------------------------------------------------------
[debug] 
[debug] [2025-02-06T23:51:44.696Z] > command requires scopes: ["email","openid","https://www.googleapis.com/auth/cloudplatformprojects.readonly","https://www.googleapis.com/auth/firebase","https://www.googleapis.com/auth/cloud-platform"]
[debug] [2025-02-06T23:51:44.696Z] > authorizing via signed-in user (zippo8642@gmail.com)
[debug] [2025-02-06T23:51:44.701Z] Checked if tokens are valid: true, expires at: 1738889480587
[debug] [2025-02-06T23:51:44.701Z] Checked if tokens are valid: true, expires at: 1738889480587
[debug] [2025-02-06T23:51:44.702Z] >>> [apiv2][query] POST https://cloudresourcemanager.googleapis.com/v1/projects [none]
[debug] [2025-02-06T23:51:44.702Z] >>> [apiv2][body] POST https://cloudresourcemanager.googleapis.com/v1/projects {"projectId":"tiktoken-videos","name":"TikToken Videos"}
[debug] [2025-02-06T23:51:45.233Z] <<< [apiv2][status] POST https://cloudresourcemanager.googleapis.com/v1/projects 200
[debug] [2025-02-06T23:51:45.233Z] <<< [apiv2][body] POST https://cloudresourcemanager.googleapis.com/v1/projects {"name":"operations/cp.4617688801711491710"}
[debug] [2025-02-06T23:51:45.234Z] Checked if tokens are valid: true, expires at: 1738889480587
[debug] [2025-02-06T23:51:45.234Z] Checked if tokens are valid: true, expires at: 1738889480587
[debug] [2025-02-06T23:51:45.234Z] >>> [apiv2][query] GET https://cloudresourcemanager.googleapis.com/v1/operations/cp.4617688801711491710 [none]
[debug] [2025-02-06T23:51:45.766Z] <<< [apiv2][status] GET https://cloudresourcemanager.googleapis.com/v1/operations/cp.4617688801711491710 200
[debug] [2025-02-06T23:51:45.767Z] <<< [apiv2][body] GET https://cloudresourcemanager.googleapis.com/v1/operations/cp.4617688801711491710 {"name":"operations/cp.4617688801711491710"}
[debug] [2025-02-06T23:51:46.267Z] [Project Creation Poller] Retrying task index 0
[debug] [2025-02-06T23:51:46.267Z] Checked if tokens are valid: true, expires at: 1738889480587
[debug] [2025-02-06T23:51:46.267Z] Checked if tokens are valid: true, expires at: 1738889480587
[debug] [2025-02-06T23:51:46.267Z] >>> [apiv2][query] GET https://cloudresourcemanager.googleapis.com/v1/operations/cp.4617688801711491710 [none]
[debug] [2025-02-06T23:51:46.722Z] <<< [apiv2][status] GET https://cloudresourcemanager.googleapis.com/v1/operations/cp.4617688801711491710 200
[debug] [2025-02-06T23:51:46.722Z] <<< [apiv2][body] GET https://cloudresourcemanager.googleapis.com/v1/operations/cp.4617688801711491710 {"name":"operations/cp.4617688801711491710"}
[debug] [2025-02-06T23:51:47.723Z] [Project Creation Poller] Retrying task index 0
[debug] [2025-02-06T23:51:47.723Z] Checked if tokens are valid: true, expires at: 1738889480587
[debug] [2025-02-06T23:51:47.723Z] Checked if tokens are valid: true, expires at: 1738889480587
[debug] [2025-02-06T23:51:47.723Z] >>> [apiv2][query] GET https://cloudresourcemanager.googleapis.com/v1/operations/cp.4617688801711491710 [none]
[debug] [2025-02-06T23:51:48.182Z] <<< [apiv2][status] GET https://cloudresourcemanager.googleapis.com/v1/operations/cp.4617688801711491710 200
[debug] [2025-02-06T23:51:48.182Z] <<< [apiv2][body] GET https://cloudresourcemanager.googleapis.com/v1/operations/cp.4617688801711491710 {"name":"operations/cp.4617688801711491710","metadata":{"@type":"type.googleapis.com/google.cloudresourcemanager.v1.ProjectCreationStatus","gettable":true}}
[debug] [2025-02-06T23:51:50.183Z] [Project Creation Poller] Retrying task index 0
[debug] [2025-02-06T23:51:50.183Z] Checked if tokens are valid: true, expires at: 1738889480587
[debug] [2025-02-06T23:51:50.183Z] Checked if tokens are valid: true, expires at: 1738889480587
[debug] [2025-02-06T23:51:50.183Z] >>> [apiv2][query] GET https://cloudresourcemanager.googleapis.com/v1/operations/cp.4617688801711491710 [none]
[debug] [2025-02-06T23:51:50.583Z] <<< [apiv2][status] GET https://cloudresourcemanager.googleapis.com/v1/operations/cp.4617688801711491710 200
[debug] [2025-02-06T23:51:50.583Z] <<< [apiv2][body] GET https://cloudresourcemanager.googleapis.com/v1/operations/cp.4617688801711491710 {"name":"operations/cp.4617688801711491710","metadata":{"@type":"type.googleapis.com/google.cloudresourcemanager.v1.ProjectCreationStatus","gettable":true,"ready":true},"done":true,"response":{"@type":"type.googleapis.com/google.cloudresourcemanager.v1.Project","projectNumber":"432651640836","projectId":"tiktoken-videos","lifecycleState":"ACTIVE","name":"TikToken Videos","createTime":"2025-02-06T23:51:47.286944Z"}}
[debug] [2025-02-06T23:51:50.584Z] Checked if tokens are valid: true, expires at: 1738889480587
[debug] [2025-02-06T23:51:50.584Z] Checked if tokens are valid: true, expires at: 1738889480587
[debug] [2025-02-06T23:51:50.584Z] >>> [apiv2][query] POST https://firebase.googleapis.com/v1beta1/projects/tiktoken-videos:addFirebase [none]
[debug] [2025-02-06T23:51:52.519Z] <<< [apiv2][status] POST https://firebase.googleapis.com/v1beta1/projects/tiktoken-videos:addFirebase 200
[debug] [2025-02-06T23:51:52.519Z] <<< [apiv2][body] POST https://firebase.googleapis.com/v1beta1/projects/tiktoken-videos:addFirebase {"name":"operations/workflows/YTgxNDIwMWQtYTIzMy00OTliLWFhMmItYWVhZTI5Njc4MjJi"}
[debug] [2025-02-06T23:51:52.519Z] Checked if tokens are valid: true, expires at: 1738889480587
[debug] [2025-02-06T23:51:52.519Z] Checked if tokens are valid: true, expires at: 1738889480587
[debug] [2025-02-06T23:51:52.519Z] >>> [apiv2][query] GET https://firebase.googleapis.com/v1beta1/operations/workflows/YTgxNDIwMWQtYTIzMy00OTliLWFhMmItYWVhZTI5Njc4MjJi [none]
[debug] [2025-02-06T23:52:04.212Z] <<< [apiv2][status] GET https://firebase.googleapis.com/v1beta1/operations/workflows/YTgxNDIwMWQtYTIzMy00OTliLWFhMmItYWVhZTI5Njc4MjJi 200
[debug] [2025-02-06T23:52:04.213Z] <<< [apiv2][body] GET https://firebase.googleapis.com/v1beta1/operations/workflows/YTgxNDIwMWQtYTIzMy00OTliLWFhMmItYWVhZTI5Njc4MjJi {"name":"operations/workflows/YTgxNDIwMWQtYTIzMy00OTliLWFhMmItYWVhZTI5Njc4MjJi"}
